Arguments: 
  /usr/local/bin/node /usr/local/bin/yarn add --dev rollup-plugin-babel-minify

PATH: 
  /Applications/Visual Studio Code.app/Contents/Resources/app/bin:/usr/local/bin:/usr/bin:/bin:/usr/sbin:/sbin:~/.composer/vendor/bin

Yarn version: 
  1.3.2

Node version: 
  10.14.1

Platform: 
  darwin x64

npm manifest: 
  {
    "name": "just-sketch",
    "version": "1.0.1",
    "description": "a super canvas.",
    "main": "dist/sketch.js",
    "scripts": {
      "start": "npm run watch",
      "watch": "NODE_ENV=development rollup -w -c rollup.config.js",
      "publish": "rm -rf dist && npm run dev && npm run prod",
      "lint": "eslint src"
    },
    "repository": {
      "url": "https://github.com/JustClear/just-sketch.git",
      "type": "git"
    },
    "author": "JustClear <576839360@qq.com>",
    "license": "MIT",
    "devDependencies": {
      "rollup-plugin-node-resolve": "^3.0.0"
    }
  }

yarn manifest: 
  No manifest

Lockfile: 
  # THIS IS AN AUTOGENERATED FILE. DO NOT EDIT THIS FILE DIRECTLY.
  # yarn lockfile v1
  
  
  browser-resolve@^1.11.0:
    version "1.11.2"
    resolved "https://registry.yarnpkg.com/browser-resolve/-/browser-resolve-1.11.2.tgz#8ff09b0a2c421718a1051c260b32e48f442938ce"
    dependencies:
      resolve "1.1.7"
  
  builtin-modules@^1.1.0:
    version "1.1.1"
    resolved "https://registry.yarnpkg.com/builtin-modules/-/builtin-modules-1.1.1.tgz#270f076c5a72c02f5b65a47df94c5fe3a278892f"
  
  is-module@^1.0.0:
    version "1.0.0"
    resolved "https://registry.yarnpkg.com/is-module/-/is-module-1.0.0.tgz#3258fb69f78c14d5b815d664336b4cffb6441591"
  
  path-parse@^1.0.5:
    version "1.0.5"
    resolved "https://registry.yarnpkg.com/path-parse/-/path-parse-1.0.5.tgz#3c1adf871ea9cd6c9431b6ea2bd74a0ff055c4c1"
  
  resolve@1.1.7:
    version "1.1.7"
    resolved "https://registry.yarnpkg.com/resolve/-/resolve-1.1.7.tgz#203114d82ad2c5ed9e8e0411b3932875e889e97b"
  
  resolve@^1.1.6:
    version "1.4.0"
    resolved "https://registry.yarnpkg.com/resolve/-/resolve-1.4.0.tgz#a75be01c53da25d934a98ebd0e4c4a7312f92a86"
    dependencies:
      path-parse "^1.0.5"
  
  rollup-plugin-node-resolve@^3.0.0:
    version "3.0.0"
    resolved "https://registry.yarnpkg.com/rollup-plugin-node-resolve/-/rollup-plugin-node-resolve-3.0.0.tgz#8b897c4c3030d5001277b0514b25d2ca09683ee0"
    dependencies:
      browser-resolve "^1.11.0"
      builtin-modules "^1.1.0"
      is-module "^1.0.0"
      resolve "^1.1.6"

Trace: 
  Error: http://npm.meitu-int.com/rollup-plugin-babel-minify: Request "http://npm.meitu-int.com/rollup-plugin-babel-minify" returned a 403
      at Request.params.callback [as _callback] (/usr/local/lib/node_modules/yarn/lib/cli.js:62104:18)
      at Request.self.callback (/usr/local/lib/node_modules/yarn/lib/cli.js:123085:22)
      at Request.emit (events.js:182:13)
      at Request.<anonymous> (/usr/local/lib/node_modules/yarn/lib/cli.js:124068:10)
      at Request.emit (events.js:182:13)
      at IncomingMessage.<anonymous> (/usr/local/lib/node_modules/yarn/lib/cli.js:123988:12)
      at Object.onceWrapper (events.js:273:13)
      at IncomingMessage.emit (events.js:187:15)
      at endReadableNT (_stream_readable.js:1094:12)
      at process._tickCallback (internal/process/next_tick.js:63:19)
